  Generate moc_predefs.h
  configparam.cpp
  controltabwidget.cpp
  controltreewidget.cpp
  display.cpp
  flowlayout.cpp
  imagelabel.cpp
  loadimagewgt.cpp
  loadpos.cpp
  main.cpp
  mainobject.cpp
  maintitlebar.cpp
  mainwindow.cpp
c:\users\administrator\desktop\lfrefocus\qcoolpage-master\imagelabel.cpp(77): warning C4189: “setImage”: 局部变量已初始化但不引用
c:\users\administrator\desktop\lfrefocus\qcoolpage-master\maincontent\display.cpp(4): warning C4100: “flags”: 未引用的形参
  numberanimation.cpp
  qcustomplot.cpp
  refocus.cpp
  saveresult.cpp
  splashscreen.cpp
  systemtray.cpp
  titlebar.cpp
c:\users\administrator\desktop\lfrefocus\qcoolpage-master\maincontent\controlwidget\saveresult.cpp(92): warning C4267: “参数”: 从“size_t”转换到“int”，可能丢失数据
c:\users\administrator\desktop\lfrefocus\qcoolpage-master\maincontent\controlwidget\saveresult.cpp(101): warning C4267: “参数”: 从“size_t”转换到“int”，可能丢失数据
c:\users\administrator\desktop\lfrefocus\qcoolpage-master\maincontent\controlwidget\refocus.cpp(364): warning C4189: “bRet”: 局部变量已初始化但不引用
  qrc_res.cpp
  qrc_shaders.cpp
  qrc_textures.cpp
  moc_configparam.cpp
  moc_controltabwidget.cpp
  moc_controltreewidget.cpp
  moc_loadimagewgt.cpp
  moc_loadpos.cpp
  moc_mainobject.cpp
  moc_maintitlebar.cpp
  moc_mainwindow.cpp
  moc_numberanimation.cpp
  moc_qcustomplot.cpp
  moc_refocus.cpp
  moc_saveresult.cpp
  moc_splashscreen.cpp
  moc_systemtray.cpp
  moc_titlebar.cpp
  QCoolPage.vcxproj -> C:\Users\Administrator\Desktop\LFRefocus\QCoolPage-master\debug\QCoolPage.exe
